{"uuid":"b00815ba-153d-4bad-bc56-2876904b9347","historyId":"a4563b8ef6ae3d6b150a54c7f331c25","fullName":"com.exadel.automation.GmailLoginTest.testBroken","labels":[{"name":"package","value":"com.exadel.automation.GmailLoginTest"},{"name":"testClass","value":"com.exadel.automation.GmailLoginTest"},{"name":"testMethod","value":"testBroken"},{"name":"parentSuite","value":"Google tests"},{"name":"suite","value":"Login tests"},{"name":"subSuite","value":"com.exadel.automation.GmailLoginTest"},{"name":"host","value":"Jane"},{"name":"thread","value":"5116@Jane.main(1)"},{"name":"feature","value":"NEW FEATURE"},{"name":"story","value":"NEW STORY"},{"name":"severity","value":"trivial"}],"links":[{"name":"5","url":"https://newdemoproject.testrail.io/index.php?/cases/view/5","type":"tms"}],"name":"Verify new story, TC-5","status":"broken","statusDetails":{"known":false,"muted":false,"flaky":false,"message":"This test is broken","trace":"java.lang.Exception: This test is broken\r\n\tat com.exadel.automation.GmailLoginTest.testBroken(GmailLoginTest.java:93)\r\n\tat sun.reflect.NativeMethodAccessorImpl.invoke0(Native Method)\r\n\tat sun.reflect.NativeMethodAccessorImpl.invoke(NativeMethodAccessorImpl.java:62)\r\n\tat sun.reflect.DelegatingMethodAccessorImpl.invoke(DelegatingMethodAccessorImpl.java:43)\r\n\tat java.lang.reflect.Method.invoke(Method.java:498)\r\n\tat org.testng.internal.MethodInvocationHelper.invokeMethod(MethodInvocationHelper.java:108)\r\n\tat org.testng.internal.Invoker.invokeMethod(Invoker.java:661)\r\n\tat org.testng.internal.Invoker.invokeTestMethod(Invoker.java:869)\r\n\tat org.testng.internal.Invoker.invokeTestMethods(Invoker.java:1193)\r\n\tat org.testng.internal.TestMethodWorker.invokeTestMethods(TestMethodWorker.java:126)\r\n\tat org.testng.internal.TestMethodWorker.run(TestMethodWorker.java:109)\r\n\tat org.testng.TestRunner.privateRun(TestRunner.java:744)\r\n\tat org.testng.TestRunner.run(TestRunner.java:602)\r\n\tat org.testng.SuiteRunner.runTest(SuiteRunner.java:380)\r\n\tat org.testng.SuiteRunner.runSequentially(SuiteRunner.java:375)\r\n\tat org.testng.SuiteRunner.privateRun(SuiteRunner.java:340)\r\n\tat org.testng.SuiteRunner.run(SuiteRunner.java:289)\r\n\tat org.testng.SuiteRunnerWorker.runSuite(SuiteRunnerWorker.java:52)\r\n\tat org.testng.SuiteRunnerWorker.run(SuiteRunnerWorker.java:86)\r\n\tat org.testng.TestNG.runSuitesSequentially(TestNG.java:1301)\r\n\tat org.testng.TestNG.runSuitesLocally(TestNG.java:1226)\r\n\tat org.testng.TestNG.runSuites(TestNG.java:1144)\r\n\tat org.testng.TestNG.run(TestNG.java:1115)\r\n\tat org.apache.maven.surefire.testng.TestNGExecutor.run(TestNGExecutor.java:283)\r\n\tat org.apache.maven.surefire.testng.TestNGXmlTestSuite.execute(TestNGXmlTestSuite.java:75)\r\n\tat org.apache.maven.surefire.testng.TestNGProvider.invoke(TestNGProvider.java:120)\r\n\tat org.apache.maven.surefire.booter.ForkedBooter.invokeProviderInSameClassLoader(ForkedBooter.java:386)\r\n\tat org.apache.maven.surefire.booter.ForkedBooter.runSuitesInProcess(ForkedBooter.java:323)\r\n\tat org.apache.maven.surefire.booter.ForkedBooter.main(ForkedBooter.java:143)\r\n"},"stage":"finished","description":"Verify new story","start":1520616754602,"stop":1520616756488,"steps":[{"name":"Create Jira ticket","status":"passed","stage":"finished","start":1520616755070,"stop":1520616756471,"parameters":[{"name":"result","value":"[TestResult name=testBroken status=FAILURE method=GmailLoginTest.testBroken()[pri:0, instance:com.exadel.automation.GmailLoginTest@71178a52] output={null}]"}]}],"attachments":[{"name":"Failed test screenshot","source":"b23d4b6d-a90f-411e-b43b-1a51cc64486a-attachment","type":"image/png"}],"parameters":[]}