{"uuid":"c1a63d3f-fffa-4bfd-b75b-4fbe2ae143e6","historyId":"66a8372a54cc02e00ba61b2383e398db","fullName":"com.exadel.automation.TestOnliner.testFoundingTheMobilesWithDifferentDiagonalValues","labels":[{"name":"package","value":"com.exadel.automation.TestOnliner"},{"name":"testClass","value":"com.exadel.automation.TestOnliner"},{"name":"testMethod","value":"testFoundingTheMobilesWithDifferentDiagonalValues"},{"name":"parentSuite","value":"Default Suite"},{"name":"suite","value":"com.exadel.demo"},{"name":"subSuite","value":"com.exadel.automation.TestOnliner"},{"name":"host","value":"Jane"},{"name":"thread","value":"6548@Jane.main(1)"}],"links":[],"name":"Founding the mobiles with the different diagonal values","status":"failed","statusDetails":{"known":false,"muted":false,"flaky":false,"message":"expected [1.4\" — 1.44\"] but found [[[ChromeDriver: chrome on XP (1009e9eaa2cd67eb21c7c20103bed2ae)] -> xpath: //span[@class='schema-tags__text']]]","trace":"java.lang.AssertionError: expected [1.4\" — 1.44\"] but found [[[ChromeDriver: chrome on XP (1009e9eaa2cd67eb21c7c20103bed2ae)] -> xpath: //span[@class='schema-tags__text']]]\r\n\tat org.testng.Assert.fail(Assert.java:93)\r\n\tat org.testng.Assert.failNotEquals(Assert.java:512)\r\n\tat org.testng.Assert.assertEqualsImpl(Assert.java:134)\r\n\tat org.testng.Assert.assertEquals(Assert.java:115)\r\n\tat org.testng.Assert.assertEquals(Assert.java:178)\r\n\tat com.exadel.automation.TestOnliner.testFoundingTheMobilesWithDifferentDiagonalValues(TestOnliner.java:109)\r\n\tat sun.reflect.NativeMethodAccessorImpl.invoke0(Native Method)\r\n\tat sun.reflect.NativeMethodAccessorImpl.invoke(NativeMethodAccessorImpl.java:62)\r\n\tat sun.reflect.DelegatingMethodAccessorImpl.invoke(DelegatingMethodAccessorImpl.java:43)\r\n\tat java.lang.reflect.Method.invoke(Method.java:498)\r\n\tat org.testng.internal.MethodInvocationHelper.invokeMethod(MethodInvocationHelper.java:108)\r\n\tat org.testng.internal.Invoker.invokeMethod(Invoker.java:661)\r\n\tat org.testng.internal.Invoker.invokeTestMethod(Invoker.java:869)\r\n\tat org.testng.internal.Invoker.invokeTestMethods(Invoker.java:1193)\r\n\tat org.testng.internal.TestMethodWorker.invokeTestMethods(TestMethodWorker.java:126)\r\n\tat org.testng.internal.TestMethodWorker.run(TestMethodWorker.java:109)\r\n\tat org.testng.TestRunner.privateRun(TestRunner.java:744)\r\n\tat org.testng.TestRunner.run(TestRunner.java:602)\r\n\tat org.testng.SuiteRunner.runTest(SuiteRunner.java:380)\r\n\tat org.testng.SuiteRunner.runSequentially(SuiteRunner.java:375)\r\n\tat org.testng.SuiteRunner.privateRun(SuiteRunner.java:340)\r\n\tat org.testng.SuiteRunner.run(SuiteRunner.java:289)\r\n\tat org.testng.SuiteRunnerWorker.runSuite(SuiteRunnerWorker.java:52)\r\n\tat org.testng.SuiteRunnerWorker.run(SuiteRunnerWorker.java:86)\r\n\tat org.testng.TestNG.runSuitesSequentially(TestNG.java:1301)\r\n\tat org.testng.TestNG.runSuitesLocally(TestNG.java:1226)\r\n\tat org.testng.TestNG.runSuites(TestNG.java:1144)\r\n\tat org.testng.TestNG.run(TestNG.java:1115)\r\n\tat org.testng.IDEARemoteTestNG.run(IDEARemoteTestNG.java:72)\r\n\tat org.testng.RemoteTestNGStarter.main(RemoteTestNGStarter.java:123)\r\n"},"stage":"finished","start":1520779551612,"stop":1520779561903,"steps":[{"name":"Navigate to MobilePage page","status":"passed","stage":"finished","start":1520779551612,"stop":1520779557994,"parameters":[{"name":"url","value":"https://catalog.onliner.by/mobile"}]},{"name":"Create Jira ticket","status":"passed","stage":"finished","start":1520779561463,"stop":1520779561903,"parameters":[{"name":"result","value":"[TestResult name=testFoundingTheMobilesWithDifferentDiagonalValues status=FAILURE method=TestOnliner.testFoundingTheMobilesWithDifferentDiagonalValues(java.lang.String, java.lang.String)[pri:0, instance:com.exadel.automation.TestOnliner@61942c1] output={null}]"}]}],"attachments":[{"name":"Failed test screenshot","source":"cfba4005-4ad0-4dfb-8487-f6131f53f392-attachment","type":"image/png"}],"parameters":[{"name":"arg0","value":"1.4\""},{"name":"arg1","value":"1.44\""}]}